<?xml version="1.0" encoding="UTF-8"?>
<!-- Generated by org.testng.reporters.JUnitReportReporter -->
<testsuite skipped="0" hostname="BLT144" name="TestCase.Testcase_Cardetails" tests="1" failures="0" timestamp="11 Mar 2020 11:12:40 GMT" time="19.256" errors="0">
  <testcase name="run" time="19.256" classname="TestCase.Testcase_Cardetails"/>
</testsuite> <!-- TestCase.Testcase_Cardetails -->
